<?xml version="1.0" encoding="UTF-8"?>
<testsuite name="com.bridgelabz.MyNodeTest" tests="1" skipped="0" failures="0" errors="0" timestamp="2021-06-10T14:46:13" hostname="DESKTOP-FSCNQ7S" time="0.003">
  <properties/>
  <testcase name="given3Numbers_WhenLinkedShouldPassedLinkedListTest" classname="com.bridgelabz.MyNodeTest" time="0.003"/>
  <system-out><![CDATA[]]></system-out>
  <system-err><![CDATA[]]></system-err>
</testsuite>
